Generated at 2023-10-19 09:22:55 +0000
Chef::Exceptions::CookbookNotFound: Cookbook ultron-dev-env not found. If you're loading ultron-dev-env from another cookbook, make sure you configure the dependency in your metadata
/opt/chef-workstation/embedded/lib/ruby/gems/3.0.0/gems/chef-17.6.18/lib/chef/cookbook/cookbook_collection.rb:38:in `block in initialize'
/opt/chef-workstation/embedded/lib/ruby/gems/3.0.0/gems/chef-utils-17.6.18/lib/chef-utils/mash.rb:93:in `default'
/opt/chef-workstation/embedded/lib/ruby/gems/3.0.0/gems/chef-utils-17.6.18/lib/chef-utils/mash.rb:93:in `default'
/opt/chef-workstation/embedded/lib/ruby/gems/3.0.0/gems/chef-utils-17.6.18/lib/chef-utils/mash.rb:111:in `[]'
/opt/chef-workstation/embedded/lib/ruby/gems/3.0.0/gems/chef-utils-17.6.18/lib/chef-utils/mash.rb:111:in `[]'
/opt/chef-workstation/embedded/lib/ruby/gems/3.0.0/gems/chef-17.6.18/lib/chef/run_context.rb:416:in `load_recipe'
/opt/chef-workstation/embedded/lib/ruby/gems/3.0.0/gems/chef-17.6.18/lib/chef/run_context.rb:373:in `block in include_recipe'
/opt/chef-workstation/embedded/lib/ruby/gems/3.0.0/gems/chef-17.6.18/lib/chef/run_context.rb:372:in `each'
/opt/chef-workstation/embedded/lib/ruby/gems/3.0.0/gems/chef-17.6.18/lib/chef/run_context.rb:372:in `include_recipe'
/opt/chef-workstation/embedded/lib/ruby/gems/3.0.0/gems/chef-17.6.18/lib/chef/dsl/include_recipe.rb:26:in `include_recipe'
/home/ec2-user/chef-repo/local-mode-cache/cache/cookbooks/first_cookbook/recipes/userdata.rb:81:in `from_file'
/opt/chef-workstation/embedded/lib/ruby/gems/3.0.0/gems/chef-17.6.18/lib/chef/mixin/from_file.rb:34:in `instance_eval'
/opt/chef-workstation/embedded/lib/ruby/gems/3.0.0/gems/chef-17.6.18/lib/chef/mixin/from_file.rb:34:in `from_file'
/opt/chef-workstation/embedded/lib/ruby/gems/3.0.0/gems/chef-17.6.18/lib/chef/cookbook_version.rb:233:in `load_ruby_recipe'
/opt/chef-workstation/embedded/lib/ruby/gems/3.0.0/gems/chef-17.6.18/lib/chef/cookbook_version.rb:203:in `load_recipe'
/opt/chef-workstation/embedded/lib/ruby/gems/3.0.0/gems/chef-17.6.18/lib/chef/run_context.rb:417:in `load_recipe'
/opt/chef-workstation/embedded/lib/ruby/gems/3.0.0/gems/chef-17.6.18/lib/chef/run_context.rb:373:in `block in include_recipe'
/opt/chef-workstation/embedded/lib/ruby/gems/3.0.0/gems/chef-17.6.18/lib/chef/run_context.rb:372:in `each'
/opt/chef-workstation/embedded/lib/ruby/gems/3.0.0/gems/chef-17.6.18/lib/chef/run_context.rb:372:in `include_recipe'
/opt/chef-workstation/embedded/lib/ruby/gems/3.0.0/gems/chef-17.6.18/lib/chef/dsl/include_recipe.rb:26:in `include_recipe'
/home/ec2-user/chef-repo/local-mode-cache/cache/cookbooks/first_cookbook/recipes/default.rb:15:in `from_file'
/opt/chef-workstation/embedded/lib/ruby/gems/3.0.0/gems/chef-17.6.18/lib/chef/mixin/from_file.rb:34:in `instance_eval'
/opt/chef-workstation/embedded/lib/ruby/gems/3.0.0/gems/chef-17.6.18/lib/chef/mixin/from_file.rb:34:in `from_file'
/opt/chef-workstation/embedded/lib/ruby/gems/3.0.0/gems/chef-17.6.18/lib/chef/cookbook_version.rb:233:in `load_ruby_recipe'
/opt/chef-workstation/embedded/lib/ruby/gems/3.0.0/gems/chef-17.6.18/lib/chef/cookbook_version.rb:203:in `load_recipe'
/opt/chef-workstation/embedded/lib/ruby/gems/3.0.0/gems/chef-17.6.18/lib/chef/run_context.rb:417:in `load_recipe'
/opt/chef-workstation/embedded/lib/ruby/gems/3.0.0/gems/chef-17.6.18/lib/chef/run_context/cookbook_compiler.rb:228:in `block in compile_recipes'
/opt/chef-workstation/embedded/lib/ruby/gems/3.0.0/gems/chef-17.6.18/lib/chef/run_context/cookbook_compiler.rb:225:in `each'
/opt/chef-workstation/embedded/lib/ruby/gems/3.0.0/gems/chef-17.6.18/lib/chef/run_context/cookbook_compiler.rb:225:in `compile_recipes'
/opt/chef-workstation/embedded/lib/ruby/gems/3.0.0/gems/chef-17.6.18/lib/chef/run_context/cookbook_compiler.rb:109:in `compile'
/opt/chef-workstation/embedded/lib/ruby/gems/3.0.0/gems/chef-17.6.18/lib/chef/run_context.rb:247:in `load'
/opt/chef-workstation/embedded/lib/ruby/gems/3.0.0/gems/chef-17.6.18/lib/chef/policy_builder/expand_node_object.rb:103:in `setup_run_context'
/opt/chef-workstation/embedded/lib/ruby/3.0.0/forwardable.rb:238:in `setup_run_context'
/opt/chef-workstation/embedded/lib/ruby/gems/3.0.0/gems/chef-17.6.18/lib/chef/client.rb:495:in `setup_run_context'
/opt/chef-workstation/embedded/lib/ruby/gems/3.0.0/gems/chef-17.6.18/lib/chef/client.rb:281:in `run'
/opt/chef-workstation/embedded/lib/ruby/gems/3.0.0/gems/chef-17.6.18/lib/chef/application.rb:305:in `run_with_graceful_exit_option'
/opt/chef-workstation/embedded/lib/ruby/gems/3.0.0/gems/chef-17.6.18/lib/chef/application.rb:281:in `block in run_chef_client'
/opt/chef-workstation/embedded/lib/ruby/gems/3.0.0/gems/chef-17.6.18/lib/chef/local_mode.rb:42:in `with_server_connectivity'
/opt/chef-workstation/embedded/lib/ruby/gems/3.0.0/gems/chef-17.6.18/lib/chef/application.rb:264:in `run_chef_client'
/opt/chef-workstation/embedded/lib/ruby/gems/3.0.0/gems/chef-17.6.18/lib/chef/application/base.rb:352:in `run_application'
/opt/chef-workstation/embedded/lib/ruby/gems/3.0.0/gems/chef-17.6.18/lib/chef/application.rb:67:in `run'
/opt/chef-workstation/embedded/lib/ruby/gems/3.0.0/gems/chef-17.6.18/lib/chef/application/solo.rb:60:in `run'
/opt/chef-workstation/embedded/lib/ruby/gems/3.0.0/gems/chef-bin-17.6.18/bin/chef-solo:24:in `<top (required)>'
/usr/bin/chef-solo:376:in `load'
/usr/bin/chef-solo:376:in `<main>'